<?xml version="1.0" encoding="UTF-8"?>
<testsuite xmlns:xsi="http://www.w3.org/2001/XMLSchema-instance" xsi:noNamespaceSchemaLocation="https://maven.apache.org/surefire/maven-surefire-plugin/xsd/surefire-test-report.xsd" name="com.o2o.BaseTest" time="0.2" tests="1" errors="1" skipped="0" failures="0">
  <properties>
[...]
</properties>
  <testcase name="initializationError" classname="com.o2o.BaseTest" time="0">
    <error message="No runnable methods" type="java.lang.Exception">java.lang.Exception: No runnable methods
</error>
    <system-out><![CDATA[15:39:14,360 |-INFO in ch.qos.logback.classic.LoggerContext[default] - Could NOT find resource [logback-test.xml]
15:39:14,360 |-INFO in ch.qos.logback.classic.LoggerContext[default] - Could NOT find resource [logback.groovy]
15:39:14,360 |-INFO in ch.qos.logback.classic.LoggerContext[default] - Found resource [logback.xml] at [file:/G:/org/o2o/target/classes/logback.xml]
15:39:14,410 |-INFO in ch.qos.logback.classic.joran.action.ConfigurationAction - debug attribute not set
15:39:14,410 |-INFO in ch.qos.logback.classic.joran.action.ConfigurationAction - Will scan for changes in [file:/G:/org/o2o/target/classes/logback.xml] 
15:39:14,410 |-INFO in ch.qos.logback.classic.joran.action.ConfigurationAction - Setting ReconfigureOnChangeTask scanning period to 1 minutes
15:39:14,420 |-INFO in ch.qos.logback.core.joran.action.AppenderAction - About to instantiate appender of type [ch.qos.logback.core.ConsoleAppender]
15:39:14,420 |-INFO in ch.qos.logback.core.joran.action.AppenderAction - Naming appender as [consoleAppender]
15:39:14,420 |-INFO in ch.qos.logback.core.joran.action.NestedComplexPropertyIA - Assuming default type [ch.qos.logback.classic.encoder.PatternLayoutEncoder] for [encoder] property
15:39:14,440 |-INFO in ch.qos.logback.core.joran.action.AppenderAction - About to instantiate appender of type [ch.qos.logback.core.rolling.RollingFileAppender]
15:39:14,440 |-INFO in ch.qos.logback.core.joran.action.AppenderAction - Naming appender as [debugAppender]
15:39:14,450 |-INFO in c.q.l.core.rolling.TimeBasedRollingPolicy@1864350231 - Will use gz compression
15:39:14,450 |-INFO in c.q.l.core.rolling.TimeBasedRollingPolicy@1864350231 - Will use the pattern catalina.base_IS_UNDEFINED/logs/webapps/debug/debug.%d{yyyy-MM-dd}.log for the active file
15:39:14,450 |-INFO in c.q.l.core.rolling.DefaultTimeBasedFileNamingAndTriggeringPolicy - The date pattern is 'yyyy-MM-dd' from file name pattern 'catalina.base_IS_UNDEFINED/logs/webapps/debug/debug.%d{yyyy-MM-dd}.log.gz'.
15:39:14,450 |-INFO in c.q.l.core.rolling.DefaultTimeBasedFileNamingAndTriggeringPolicy - Roll-over at midnight.
15:39:14,450 |-INFO in c.q.l.core.rolling.DefaultTimeBasedFileNamingAndTriggeringPolicy - Setting initial period to Sat Feb 23 15:39:14 CST 2019
15:39:14,450 |-INFO in ch.qos.logback.core.joran.action.NestedComplexPropertyIA - Assuming default type [ch.qos.logback.classic.encoder.PatternLayoutEncoder] for [encoder] property
15:39:14,460 |-INFO in ch.qos.logback.core.rolling.RollingFileAppender[debugAppender] - Active log file name: catalina.base_IS_UNDEFINED/logs/webapps/debug.log
15:39:14,460 |-INFO in ch.qos.logback.core.rolling.RollingFileAppender[debugAppender] - File property is set to [catalina.base_IS_UNDEFINED/logs/webapps/debug.log]
15:39:14,460 |-INFO in ch.qos.logback.core.joran.action.AppenderAction - About to instantiate appender of type [ch.qos.logback.core.rolling.RollingFileAppender]
15:39:14,460 |-INFO in ch.qos.logback.core.joran.action.AppenderAction - Naming appender as [infoAppender]
15:39:14,460 |-INFO in c.q.l.core.rolling.TimeBasedRollingPolicy@25548982 - Will use gz compression
15:39:14,460 |-INFO in c.q.l.core.rolling.TimeBasedRollingPolicy@25548982 - Will use the pattern catalina.base_IS_UNDEFINED/logs/webapps/info/info.%d{yyyy-MM-dd}.log for the active file
15:39:14,460 |-INFO in c.q.l.core.rolling.DefaultTimeBasedFileNamingAndTriggeringPolicy - The date pattern is 'yyyy-MM-dd' from file name pattern 'catalina.base_IS_UNDEFINED/logs/webapps/info/info.%d{yyyy-MM-dd}.log.gz'.
15:39:14,460 |-INFO in c.q.l.core.rolling.DefaultTimeBasedFileNamingAndTriggeringPolicy - Roll-over at midnight.
15:39:14,460 |-INFO in c.q.l.core.rolling.DefaultTimeBasedFileNamingAndTriggeringPolicy - Setting initial period to Sat Feb 23 15:39:14 CST 2019
15:39:14,460 |-INFO in ch.qos.logback.core.joran.action.NestedComplexPropertyIA - Assuming default type [ch.qos.logback.classic.encoder.PatternLayoutEncoder] for [encoder] property
15:39:14,460 |-INFO in ch.qos.logback.core.rolling.RollingFileAppender[infoAppender] - Active log file name: catalina.base_IS_UNDEFINED/logs/webapps/info.log
15:39:14,460 |-INFO in ch.qos.logback.core.rolling.RollingFileAppender[infoAppender] - File property is set to [catalina.base_IS_UNDEFINED/logs/webapps/info.log]
15:39:14,460 |-INFO in ch.qos.logback.core.joran.action.AppenderAction - About to instantiate appender of type [ch.qos.logback.core.rolling.RollingFileAppender]
15:39:14,460 |-INFO in ch.qos.logback.core.joran.action.AppenderAction - Naming appender as [errorAppender]
15:39:14,460 |-INFO in c.q.l.core.rolling.TimeBasedRollingPolicy@1735934726 - Will use gz compression
15:39:14,460 |-INFO in c.q.l.core.rolling.TimeBasedRollingPolicy@1735934726 - Will use the pattern catalina.base_IS_UNDEFINED/logs/webapps/error/error.%d{yyyy-MM-dd}.log for the active file
15:39:14,460 |-INFO in c.q.l.core.rolling.DefaultTimeBasedFileNamingAndTriggeringPolicy - The date pattern is 'yyyy-MM-dd' from file name pattern 'catalina.base_IS_UNDEFINED/logs/webapps/error/error.%d{yyyy-MM-dd}.log.gz'.
15:39:14,460 |-INFO in c.q.l.core.rolling.DefaultTimeBasedFileNamingAndTriggeringPolicy - Roll-over at midnight.
15:39:14,460 |-INFO in c.q.l.core.rolling.DefaultTimeBasedFileNamingAndTriggeringPolicy - Setting initial period to Sat Feb 23 15:39:14 CST 2019
15:39:14,460 |-INFO in ch.qos.logback.core.joran.action.NestedComplexPropertyIA - Assuming default type [ch.qos.logback.classic.encoder.PatternLayoutEncoder] for [encoder] property
15:39:14,460 |-INFO in ch.qos.logback.core.rolling.RollingFileAppender[errorAppender] - Active log file name: catalina.base_IS_UNDEFINED/logs/webapps/error.log
15:39:14,460 |-INFO in ch.qos.logback.core.rolling.RollingFileAppender[errorAppender] - File property is set to [catalina.base_IS_UNDEFINED/logs/webapps/error.log]
15:39:14,460 |-INFO in ch.qos.logback.classic.joran.action.LoggerAction - Setting level of logger [com.o2o] to DEBUG
15:39:14,460 |-INFO in ch.qos.logback.classic.joran.action.LoggerAction - Setting additivity of logger [com.o2o] to true
15:39:14,460 |-ERROR in ch.qos.logback.core.joran.spi.Interpreter@67:45 - no applicable action for [appernder-ref], current ElementPath  is [[configuration][logger][appernder-ref]]
15:39:14,460 |-ERROR in ch.qos.logback.core.joran.spi.Interpreter@68:44 - no applicable action for [appernder-ref], current ElementPath  is [[configuration][logger][appernder-ref]]
15:39:14,460 |-ERROR in ch.qos.logback.core.joran.spi.Interpreter@69:45 - no applicable action for [appernder-ref], current ElementPath  is [[configuration][logger][appernder-ref]]
15:39:14,460 |-INFO in ch.qos.logback.classic.joran.action.RootLoggerAction - Setting level of ROOT logger to INFO
15:39:14,460 |-INFO in ch.qos.logback.core.joran.action.AppenderRefAction - Attaching appender named [consoleAppender] to Logger[ROOT]
15:39:14,460 |-INFO in ch.qos.logback.classic.joran.action.ConfigurationAction - End of configuration.
15:39:14,470 |-INFO in ch.qos.logback.classic.joran.JoranConfigurator@335eadca - Registering current configuration as safe fallback point

]]></system-out>
  </testcase>
</testsuite>